# JRE version: OpenJDK Runtime Environment Temurin-17.0.5+8 (17.0.5+8) (build 17.0.5+8)
# Java VM: OpenJDK 64-Bit Server VM Temurin-17.0.5+8 (17.0.5+8, mixed mode, tiered, compressed oops, compressed class ptrs, parallel gc, windows-amd64)
GC Precious Log:
 CPUs: 12 total, 12 available
 Memory: 16335M
 Large Page Support: Disabled
 NUMA Support: Disabled
 Compressed Oops: Enabled (32-bit)
 Alignments: Space 512K, Generation 512K, Heap 2M
 Heap Min Capacity: 100M
 Heap Initial Capacity: 100M
 Heap Max Capacity: 1G
 Pre-touch: Disabled
 Parallel Workers: 10
Heap:
 PSYoungGen      total 7168K, used 4961K [0x00000000eab00000, 0x00000000eb500000, 0x0000000100000000)
  eden space 5120K, 56% used [0x00000000eab00000,0x00000000eadd9178,0x00000000eb000000)
  from space 2048K, 99% used [0x00000000eb000000,0x00000000eb1ff3c0,0x00000000eb200000)
  to   space 2560K, 0% used [0x00000000eb280000,0x00000000eb280000,0x00000000eb500000)
 ParOldGen       total 130560K, used 112239K [0x00000000c0000000, 0x00000000c7f80000, 0x00000000eab00000)
  object space 130560K, 85% used [0x00000000c0000000,0x00000000c6d9bff0,0x00000000c7f80000)
 Metaspace       used 69292K, committed 70208K, reserved 1114112K
  class space    used 7320K, committed 7744K, reserved 1048576K
GC Heap History (20 events):
Event: 19.601 GC heap before
{Heap before GC invocations=120 (full 6):
 PSYoungGen      total 6656K, used 6195K [0x00000000eab00000, 0x00000000eb300000, 0x0000000100000000)
  eden space 5120K, 100% used [0x00000000eab00000,0x00000000eb000000,0x00000000eb000000)
  from space 1536K, 69% used [0x00000000eb180000,0x00000000eb28cc88,0x00000000eb300000)
  to   space 1536K, 0% used [0x00000000eb000000,0x00000000eb000000,0x00000000eb180000)
 ParOldGen       total 130560K, used 105511K [0x00000000c0000000, 0x00000000c7f80000, 0x00000000eab00000)
  object space 130560K, 80% used [0x00000000c0000000,0x00000000c6709e70,0x00000000c7f80000)
 Metaspace       used 65919K, committed 66816K, reserved 1114112K
  class space    used 6985K, committed 7424K, reserved 1048576K
}
Event: 19.603 GC heap after
{Heap after GC invocations=120 (full 6):
 PSYoungGen      total 6656K, used 1532K [0x00000000eab00000, 0x00000000eb500000, 0x0000000100000000)
  eden space 5120K, 0% used [0x00000000eab00000,0x00000000eab00000,0x00000000eb000000)
  from space 1536K, 99% used [0x00000000eb000000,0x00000000eb17f328,0x00000000eb180000)
  to   space 2560K, 0% used [0x00000000eb280000,0x00000000eb280000,0x00000000eb500000)
 ParOldGen       total 130560K, used 105960K [0x00000000c0000000, 0x00000000c7f80000, 0x00000000eab00000)
  object space 130560K, 81% used [0x00000000c0000000,0x00000000c677a1b0,0x00000000c7f80000)
 Metaspace       used 65919K, committed 66816K, reserved 1114112K
  class space    used 6985K, committed 7424K, reserved 1048576K
}
Event: 19.654 GC heap before
{Heap before GC invocations=121 (full 6):
 PSYoungGen      total 6656K, used 6652K [0x00000000eab00000, 0x00000000eb500000, 0x0000000100000000)
  eden space 5120K, 99% used [0x00000000eab00000,0x00000000eaffffd8,0x00000000eb000000)
  from space 1536K, 99% used [0x00000000eb000000,0x00000000eb17f328,0x00000000eb180000)
  to   space 2560K, 0% used [0x00000000eb280000,0x00000000eb280000,0x00000000eb500000)
 ParOldGen       total 130560K, used 105960K [0x00000000c0000000, 0x00000000c7f80000, 0x00000000eab00000)
  object space 130560K, 81% used [0x00000000c0000000,0x00000000c677a1b0,0x00000000c7f80000)
 Metaspace       used 66044K, committed 66944K, reserved 1114112K
  class space    used 6999K, committed 7424K, reserved 1048576K
}
Event: 19.658 GC heap after
{Heap after GC invocations=121 (full 6):
 PSYoungGen      total 6144K, used 960K [0x00000000eab00000, 0x00000000eb380000, 0x0000000100000000)
  eden space 5120K, 0% used [0x00000000eab00000,0x00000000eab00000,0x00000000eb000000)
  from space 1024K, 93% used [0x00000000eb280000,0x00000000eb370000,0x00000000eb380000)
  to   space 1536K, 0% used [0x00000000eb080000,0x00000000eb080000,0x00000000eb200000)
 ParOldGen       total 130560K, used 107483K [0x00000000c0000000, 0x00000000c7f80000, 0x00000000eab00000)
  object space 130560K, 82% used [0x00000000c0000000,0x00000000c68f6c88,0x00000000c7f80000)
 Metaspace       used 66044K, committed 66944K, reserved 1114112K
  class space    used 6999K, committed 7424K, reserved 1048576K
}
Event: 19.696 GC heap before
{Heap before GC invocations=122 (full 6):
 PSYoungGen      total 6144K, used 6080K [0x00000000eab00000, 0x00000000eb380000, 0x0000000100000000)
  eden space 5120K, 100% used [0x00000000eab00000,0x00000000eb000000,0x00000000eb000000)
  from space 1024K, 93% used [0x00000000eb280000,0x00000000eb370000,0x00000000eb380000)
  to   space 1536K, 0% used [0x00000000eb080000,0x00000000eb080000,0x00000000eb200000)
 ParOldGen       total 130560K, used 107483K [0x00000000c0000000, 0x00000000c7f80000, 0x00000000eab00000)
  object space 130560K, 82% used [0x00000000c0000000,0x00000000c68f6c88,0x00000000c7f80000)
 Metaspace       used 66337K, committed 67264K, reserved 1114112K
  class space    used 7028K, committed 7488K, reserved 1048576K
}
Event: 19.698 GC heap after
{Heap after GC invocations=122 (full 6):
 PSYoungGen      total 6656K, used 1533K [0x00000000eab00000, 0x00000000eb500000, 0x0000000100000000)
  eden space 5120K, 0% used [0x00000000eab00000,0x00000000eab00000,0x00000000eb000000)
  from space 1536K, 99% used [0x00000000eb080000,0x00000000eb1ff500,0x00000000eb200000)
  to   space 2560K, 0% used [0x00000000eb280000,0x00000000eb280000,0x00000000eb500000)
 ParOldGen       total 130560K, used 107948K [0x00000000c0000000, 0x00000000c7f80000, 0x00000000eab00000)
  object space 130560K, 82% used [0x00000000c0000000,0x00000000c696b100,0x00000000c7f80000)
 Metaspace       used 66337K, committed 67264K, reserved 1114112K
  class space    used 7028K, committed 7488K, reserved 1048576K
}
Event: 19.776 GC heap before
{Heap before GC invocations=123 (full 6):
 PSYoungGen      total 6656K, used 6651K [0x00000000eab00000, 0x00000000eb500000, 0x0000000100000000)
  eden space 5120K, 99% used [0x00000000eab00000,0x00000000eafff990,0x00000000eb000000)
  from space 1536K, 99% used [0x00000000eb080000,0x00000000eb1ff500,0x00000000eb200000)
  to   space 2560K, 0% used [0x00000000eb280000,0x00000000eb280000,0x00000000eb500000)
 ParOldGen       total 130560K, used 107948K [0x00000000c0000000, 0x00000000c7f80000, 0x00000000eab00000)
  object space 130560K, 82% used [0x00000000c0000000,0x00000000c696b100,0x00000000c7f80000)
 Metaspace       used 66765K, committed 67712K, reserved 1114112K
  class space    used 7063K, committed 7488K, reserved 1048576K
}
Event: 19.778 GC heap after
{Heap after GC invocations=123 (full 6):
 PSYoungGen      total 6144K, used 577K [0x00000000eab00000, 0x00000000eb380000, 0x0000000100000000)
  eden space 5120K, 0% used [0x00000000eab00000,0x00000000eab00000,0x00000000eb000000)
  from space 1024K, 56% used [0x00000000eb280000,0x00000000eb310448,0x00000000eb380000)
  to   space 1536K, 0% used [0x00000000eb080000,0x00000000eb080000,0x00000000eb200000)
 ParOldGen       total 130560K, used 109390K [0x00000000c0000000, 0x00000000c7f80000, 0x00000000eab00000)
  object space 130560K, 83% used [0x00000000c0000000,0x00000000c6ad3968,0x00000000c7f80000)
 Metaspace       used 66765K, committed 67712K, reserved 1114112K
  class space    used 7063K, committed 7488K, reserved 1048576K
}
Event: 19.848 GC heap before
{Heap before GC invocations=124 (full 6):
 PSYoungGen      total 6144K, used 5657K [0x00000000eab00000, 0x00000000eb380000, 0x0000000100000000)
  eden space 5120K, 99% used [0x00000000eab00000,0x00000000eaff6050,0x00000000eb000000)
  from space 1024K, 56% used [0x00000000eb280000,0x00000000eb310448,0x00000000eb380000)
  to   space 1536K, 0% used [0x00000000eb080000,0x00000000eb080000,0x00000000eb200000)
 ParOldGen       total 130560K, used 109390K [0x00000000c0000000, 0x00000000c7f80000, 0x00000000eab00000)
  object space 130560K, 83% used [0x00000000c0000000,0x00000000c6ad3968,0x00000000c7f80000)
 Metaspace       used 67148K, committed 68160K, reserved 1114112K
  class space    used 7094K, committed 7552K, reserved 1048576K
}
Event: 19.850 GC heap after
{Heap after GC invocations=124 (full 6):
 PSYoungGen      total 6656K, used 1227K [0x00000000eab00000, 0x00000000eb300000, 0x0000000100000000)
  eden space 5120K, 0% used [0x00000000eab00000,0x00000000eab00000,0x00000000eb000000)
  from space 1536K, 79% used [0x00000000eb080000,0x00000000eb1b2cd0,0x00000000eb200000)
  to   space 1024K, 0% used [0x00000000eb200000,0x00000000eb200000,0x00000000eb300000)
 ParOldGen       total 130560K, used 109390K [0x00000000c0000000, 0x00000000c7f80000, 0x00000000eab00000)
  object space 130560K, 83% used [0x00000000c0000000,0x00000000c6ad3968,0x00000000c7f80000)
 Metaspace       used 67148K, committed 68160K, reserved 1114112K
  class space    used 7094K, committed 7552K, reserved 1048576K
}
Event: 19.924 GC heap before
{Heap before GC invocations=125 (full 6):
 PSYoungGen      total 6656K, used 6347K [0x00000000eab00000, 0x00000000eb300000, 0x0000000100000000)
  eden space 5120K, 99% used [0x00000000eab00000,0x00000000eafffff8,0x00000000eb000000)
  from space 1536K, 79% used [0x00000000eb080000,0x00000000eb1b2cd0,0x00000000eb200000)
  to   space 1024K, 0% used [0x00000000eb200000,0x00000000eb200000,0x00000000eb300000)
 ParOldGen       total 130560K, used 109390K [0x00000000c0000000, 0x00000000c7f80000, 0x00000000eab00000)
  object space 130560K, 83% used [0x00000000c0000000,0x00000000c6ad3968,0x00000000c7f80000)
 Metaspace       used 67782K, committed 68736K, reserved 1114112K
  class space    used 7135K, committed 7616K, reserved 1048576K
}
Event: 19.928 GC heap after
{Heap after GC invocations=125 (full 6):
 PSYoungGen      total 6144K, used 1018K [0x00000000eab00000, 0x00000000eb400000, 0x0000000100000000)
  eden space 5120K, 0% used [0x00000000eab00000,0x00000000eab00000,0x00000000eb000000)
  from space 1024K, 99% used [0x00000000eb200000,0x00000000eb2fe838,0x00000000eb300000)
  to   space 2048K, 0% used [0x00000000eb000000,0x00000000eb000000,0x00000000eb200000)
 ParOldGen       total 130560K, used 110142K [0x00000000c0000000, 0x00000000c7f80000, 0x00000000eab00000)
  object space 130560K, 84% used [0x00000000c0000000,0x00000000c6b8f880,0x00000000c7f80000)
 Metaspace       used 67782K, committed 68736K, reserved 1114112K
  class space    used 7135K, committed 7616K, reserved 1048576K
}
Event: 20.000 GC heap before
{Heap before GC invocations=126 (full 6):
 PSYoungGen      total 6144K, used 6138K [0x00000000eab00000, 0x00000000eb400000, 0x0000000100000000)
  eden space 5120K, 100% used [0x00000000eab00000,0x00000000eb000000,0x00000000eb000000)
  from space 1024K, 99% used [0x00000000eb200000,0x00000000eb2fe838,0x00000000eb300000)
  to   space 2048K, 0% used [0x00000000eb000000,0x00000000eb000000,0x00000000eb200000)
 ParOldGen       total 130560K, used 110142K [0x00000000c0000000, 0x00000000c7f80000, 0x00000000eab00000)
  object space 130560K, 84% used [0x00000000c0000000,0x00000000c6b8f880,0x00000000c7f80000)
 Metaspace       used 68126K, committed 69056K, reserved 1114112K
  class space    used 7174K, committed 7616K, reserved 1048576K
}
Event: 20.002 GC heap after
{Heap after GC invocations=126 (full 6):
 PSYoungGen      total 7168K, used 1447K [0x00000000eab00000, 0x00000000eb400000, 0x0000000100000000)
  eden space 5120K, 0% used [0x00000000eab00000,0x00000000eab00000,0x00000000eb000000)
  from space 2048K, 70% used [0x00000000eb000000,0x00000000eb169f80,0x00000000eb200000)
  to   space 2048K, 0% used [0x00000000eb200000,0x00000000eb200000,0x00000000eb400000)
 ParOldGen       total 130560K, used 110611K [0x00000000c0000000, 0x00000000c7f80000, 0x00000000eab00000)
  object space 130560K, 84% used [0x00000000c0000000,0x00000000c6c04f68,0x00000000c7f80000)
 Metaspace       used 68126K, committed 69056K, reserved 1114112K
  class space    used 7174K, committed 7616K, reserved 1048576K
}
Event: 20.096 GC heap before
{Heap before GC invocations=127 (full 6):
 PSYoungGen      total 7168K, used 6567K [0x00000000eab00000, 0x00000000eb400000, 0x0000000100000000)
  eden space 5120K, 100% used [0x00000000eab00000,0x00000000eb000000,0x00000000eb000000)
  from space 2048K, 70% used [0x00000000eb000000,0x00000000eb169f80,0x00000000eb200000)
  to   space 2048K, 0% used [0x00000000eb200000,0x00000000eb200000,0x00000000eb400000)
 ParOldGen       total 130560K, used 110611K [0x00000000c0000000, 0x00000000c7f80000, 0x00000000eab00000)
  object space 130560K, 84% used [0x00000000c0000000,0x00000000c6c04f68,0x00000000c7f80000)
 Metaspace       used 68362K, committed 69248K, reserved 1114112K
  class space    used 7195K, committed 7616K, reserved 1048576K
}
Event: 20.098 GC heap after
{Heap after GC invocations=127 (full 6):
 PSYoungGen      total 7168K, used 1635K [0x00000000eab00000, 0x00000000eb400000, 0x0000000100000000)
  eden space 5120K, 0% used [0x00000000eab00000,0x00000000eab00000,0x00000000eb000000)
  from space 2048K, 79% used [0x00000000eb200000,0x00000000eb398fb8,0x00000000eb400000)
  to   space 2048K, 0% used [0x00000000eb000000,0x00000000eb000000,0x00000000eb200000)
 ParOldGen       total 130560K, used 110611K [0x00000000c0000000, 0x00000000c7f80000, 0x00000000eab00000)
  object space 130560K, 84% used [0x00000000c0000000,0x00000000c6c04f68,0x00000000c7f80000)
 Metaspace       used 68362K, committed 69248K, reserved 1114112K
  class space    used 7195K, committed 7616K, reserved 1048576K
}
Event: 20.191 GC heap before
{Heap before GC invocations=128 (full 6):
 PSYoungGen      total 7168K, used 6755K [0x00000000eab00000, 0x00000000eb400000, 0x0000000100000000)
  eden space 5120K, 100% used [0x00000000eab00000,0x00000000eb000000,0x00000000eb000000)
  from space 2048K, 79% used [0x00000000eb200000,0x00000000eb398fb8,0x00000000eb400000)
  to   space 2048K, 0% used [0x00000000eb000000,0x00000000eb000000,0x00000000eb200000)
 ParOldGen       total 130560K, used 110611K [0x00000000c0000000, 0x00000000c7f80000, 0x00000000eab00000)
  object space 130560K, 84% used [0x00000000c0000000,0x00000000c6c04f68,0x00000000c7f80000)
 Metaspace       used 68781K, committed 69760K, reserved 1114112K
  class space    used 7233K, committed 7680K, reserved 1048576K
}
Event: 20.195 GC heap after
{Heap after GC invocations=128 (full 6):
 PSYoungGen      total 7168K, used 2043K [0x00000000eab00000, 0x00000000eb500000, 0x0000000100000000)
  eden space 5120K, 0% used [0x00000000eab00000,0x00000000eab00000,0x00000000eb000000)
  from space 2048K, 99% used [0x00000000eb000000,0x00000000eb1fee38,0x00000000eb200000)
  to   space 2560K, 0% used [0x00000000eb280000,0x00000000eb280000,0x00000000eb500000)
 ParOldGen       total 130560K, used 110940K [0x00000000c0000000, 0x00000000c7f80000, 0x00000000eab00000)
  object space 130560K, 84% used [0x00000000c0000000,0x00000000c6c57198,0x00000000c7f80000)
 Metaspace       used 68781K, committed 69760K, reserved 1114112K
  class space    used 7233K, committed 7680K, reserved 1048576K
}
Event: 20.276 GC heap before
{Heap before GC invocations=129 (full 6):
 PSYoungGen      total 7168K, used 7163K [0x00000000eab00000, 0x00000000eb500000, 0x0000000100000000)
  eden space 5120K, 99% used [0x00000000eab00000,0x00000000eaffffc0,0x00000000eb000000)
  from space 2048K, 99% used [0x00000000eb000000,0x00000000eb1fee38,0x00000000eb200000)
  to   space 2560K, 0% used [0x00000000eb280000,0x00000000eb280000,0x00000000eb500000)
 ParOldGen       total 130560K, used 110940K [0x00000000c0000000, 0x00000000c7f80000, 0x00000000eab00000)
  object space 130560K, 84% used [0x00000000c0000000,0x00000000c6c57198,0x00000000c7f80000)
 Metaspace       used 69119K, committed 70016K, reserved 1114112K
  class space    used 7305K, committed 7744K, reserved 1048576K
}
Event: 20.278 GC heap after
{Heap after GC invocations=129 (full 6):
 PSYoungGen      total 7168K, used 1854K [0x00000000eab00000, 0x00000000eb480000, 0x0000000100000000)
  eden space 5120K, 0% used [0x00000000eab00000,0x00000000eab00000,0x00000000eb000000)
  from space 2048K, 90% used [0x00000000eb280000,0x00000000eb44f990,0x00000000eb480000)
  to   space 2048K, 0% used [0x00000000eb000000,0x00000000eb000000,0x00000000eb200000)
 ParOldGen       total 130560K, used 112138K [0x00000000c0000000, 0x00000000c7f80000, 0x00000000eab00000)
  object space 130560K, 85% used [0x00000000c0000000,0x00000000c6d82a38,0x00000000c7f80000)
 Metaspace       used 69119K, committed 70016K, reserved 1114112K
  class space    used 7305K, committed 7744K, reserved 1048576K
}

